<?xml version="1.0" encoding="UTF-8"?>
<!-- Generated by org.testng.reporters.JUnitXMLReporter -->
<testsuite ignored="0" hostname="IN-5CD521BFPW" failures="0" tests="3" name="Default test" time="41.972" errors="0" timestamp="2026-03-29T15:19:34 IST">
  <testcase classname="com.nagarro.tests.testcases.FlipkartTest" name="verifyGuestAddToCart" time="18.423"/>
  <testcase classname="com.nagarro.tests.testcases.FlipkartTest" name="verifyGuestSearchFlow" time="3.352"/>
  <testcase classname="com.nagarro.tests.testcases.FlipkartTest" name="verifyGuestUserFilter" time="4.203"/>
</testsuite> <!-- Default test -->
