<?xml version="1.0" encoding="UTF-8"?>
<!-- Generated by org.testng.reporters.JUnitXMLReporter -->
<testsuite ignored="0" hostname="IN-5CD521BFPW" failures="0" tests="4" name="Flipkart Tests" time="28.212" errors="0" timestamp="2026-04-01T23:01:17 IST">
  <testcase classname="com.nagarro.tests.testcases.FlipkartTest" name="verifyGuestAddToCart" time="10.857"/>
  <testcase classname="com.nagarro.tests.testcases.FlipkartTest" name="verifyGuestSearchFlow" time="14.787">
    <skipped/>
  </testcase> <!-- verifyGuestSearchFlow -->
  <testcase classname="com.nagarro.tests.testcases.FlipkartTest" name="verifyGuestUserFilter" time="3.917"/>
  <testcase classname="com.nagarro.tests.testcases.FlipkartTest" name="verifyGuestSearchFlow" time="3.545"/>
</testsuite> <!-- Flipkart Tests -->
