<?xml version="1.0" encoding="UTF-8"?>
<testsuite xmlns:xsi="http://www.w3.org/2001/XMLSchema-instance" xsi:noNamespaceSchemaLocation="https://maven.apache.org/surefire/maven-surefire-plugin/xsd/surefire-test-report-3.0.xsd" version="3.0" name="TestSuite" time="29.102" tests="4" errors="0" skipped="1" failures="0">
  <properties>
[...]
</properties>
  <testcase name="verifyGuestAddToCart" classname="com.nagarro.tests.testcases.FlipkartTest" time="10.859"/>
  <testcase name="verifyGuestSearchFlow" classname="com.nagarro.tests.testcases.FlipkartTest" time="3.545"/>
  <testcase name="verifyGuestUserFilter" classname="com.nagarro.tests.testcases.FlipkartTest" time="0.612"/>
</testsuite>