<?xml version="1.0" encoding="UTF-8"?>
<testng-results retried="1" ignored="0" total="4" passed="3" failed="0" skipped="0">
  <reporter-output>
  </reporter-output>
  <suite started-at="2026-04-01T23:00:49 IST" name="Suite" finished-at="2026-04-01T23:01:17 IST" duration-ms="28212">
    <groups>
    </groups>
    <test started-at="2026-04-01T23:00:49 IST" name="Flipkart Tests" finished-at="2026-04-01T23:01:17 IST" duration-ms="28212">
      <class name="com.nagarro.tests.testcases.FlipkartTest">
        <test-method is-config="true" signature="setUp()[pri:0, instance:com.nagarro.tests.testcases.FlipkartTest@48e1f6c7]" started-at="2026-04-01T23:00:49 IST" name="setUp" finished-at="2026-04-01T23:00:54 IST" duration-ms="4596" status="PASS">
          <reporter-output>
          </reporter-output>
        </test-method> <!-- setUp -->
        <test-method is-config="true" signature="setUp()[pri:0, instance:com.nagarro.tests.testcases.FlipkartTest@48e1f6c7]" started-at="2026-04-01T23:00:49 IST" name="setUp" finished-at="2026-04-01T23:00:54 IST" duration-ms="4676" status="PASS">
          <reporter-output>
          </reporter-output>
        </test-method> <!-- setUp -->
        <test-method retried="true" signature="verifyGuestSearchFlow()[pri:0, instance:com.nagarro.tests.testcases.FlipkartTest@48e1f6c7]" started-at="2026-04-01T23:00:54 IST" name="verifyGuestSearchFlow" finished-at="2026-04-01T23:01:09 IST" duration-ms="14787" status="SKIP">
          <exception class="org.openqa.selenium.TimeoutException">
            <message>
              <![CDATA[Expected condition failed: waiting for visibility of element located by By.xpath: //div[starts-with(@data-id, 'ACCH')][1] (tried for 10 second(s) with 500 milliseconds interval)
Build info: version: '4.18.1', revision: 'b1d3319b48'
System info: os.name: 'Windows 11', os.arch: 'amd64', os.version: '10.0', java.version: '21.0.9'
Driver info: org.openqa.selenium.chrome.ChromeDriver
Capabilities {acceptInsecureCerts: false, browserName: chrome, browserVersion: 146.0.7680.165, chrome: {chromedriverVersion: 146.0.7680.165 (4b989da09e1..., userDataDir: C:\Users\RAHULK~1\AppData\L...}, fedcm:accounts: true, goog:chromeOptions: {debuggerAddress: localhost:63128}, goog:processID: 36124, networkConnectionEnabled: false, pageLoadStrategy: normal, platformName: windows, proxy: Proxy(), se:cdp: ws://localhost:63128/devtoo..., se:cdpVersion: 146.0.7680.165, setWindowRect: true, strictFileInteractability: false, timeouts: {implicit: 0, pageLoad: 300000, script: 30000}, unhandledPromptBehavior: dismiss and notify, webauthn:extension:credBlob: true, webauthn:extension:largeBlob: true, webauthn:extension:minPinLength: true, webauthn:extension:prf: true, webauthn:virtualAuthenticators: true}
Session ID: 00567f0b0e0c337abc7eec00b7b8c3bf]]>
            </message>
            <full-stacktrace>
              <![CDATA[org.openqa.selenium.TimeoutException: Expected condition failed: waiting for visibility of element located by By.xpath: //div[starts-with(@data-id, 'ACCH')][1] (tried for 10 second(s) with 500 milliseconds interval)
Build info: version: '4.18.1', revision: 'b1d3319b48'
System info: os.name: 'Windows 11', os.arch: 'amd64', os.version: '10.0', java.version: '21.0.9'
Driver info: org.openqa.selenium.chrome.ChromeDriver
Capabilities {acceptInsecureCerts: false, browserName: chrome, browserVersion: 146.0.7680.165, chrome: {chromedriverVersion: 146.0.7680.165 (4b989da09e1..., userDataDir: C:\Users\RAHULK~1\AppData\L...}, fedcm:accounts: true, goog:chromeOptions: {debuggerAddress: localhost:63128}, goog:processID: 36124, networkConnectionEnabled: false, pageLoadStrategy: normal, platformName: windows, proxy: Proxy(), se:cdp: ws://localhost:63128/devtoo..., se:cdpVersion: 146.0.7680.165, setWindowRect: true, strictFileInteractability: false, timeouts: {implicit: 0, pageLoad: 300000, script: 30000}, unhandledPromptBehavior: dismiss and notify, webauthn:extension:credBlob: true, webauthn:extension:largeBlob: true, webauthn:extension:minPinLength: true, webauthn:extension:prf: true, webauthn:virtualAuthenticators: true}
Session ID: 00567f0b0e0c337abc7eec00b7b8c3bf
at org.openqa.selenium.support.ui.WebDriverWait.timeoutException(WebDriverWait.java:84)
at org.openqa.selenium.support.ui.FluentWait.until(FluentWait.java:228)
at com.nagarro.automation.utils.WaitUtil.waitForVisibility(WaitUtil.java:22)
at com.nagarro.automation.pages.SearchResultPage.isResultsDisplayed(SearchResultPage.java:24)
at com.nagarro.tests.testcases.FlipkartTest.verifyGuestSearchFlow(FlipkartTest.java:38)
at java.base/jdk.internal.reflect.DirectMethodHandleAccessor.invoke(DirectMethodHandleAccessor.java:103)
at java.base/java.lang.reflect.Method.invoke(Method.java:580)
at org.testng.internal.invokers.MethodInvocationHelper.invokeMethod(MethodInvocationHelper.java:141)
at org.testng.internal.invokers.TestInvoker.invokeMethod(TestInvoker.java:697)
at org.testng.internal.invokers.TestInvoker.invokeTestMethod(TestInvoker.java:230)
at org.testng.internal.invokers.MethodRunner.runInSequence(MethodRunner.java:63)
at org.testng.internal.invokers.TestInvoker$MethodInvocationAgent.invoke(TestInvoker.java:1005)
at org.testng.internal.invokers.TestInvoker.invokeTestMethods(TestInvoker.java:203)
at org.testng.internal.invokers.TestMethodWorker.invokeTestMethods(TestMethodWorker.java:154)
at org.testng.internal.invokers.TestMethodWorker.run(TestMethodWorker.java:134)
at java.base/java.util.concurrent.Executors$RunnableAdapter.call(Executors.java:572)
at java.base/java.util.concurrent.FutureTask.run(FutureTask.java:317)
at org.testng.internal.thread.graph.TestNGFutureTask.run(TestNGFutureTask.java:22)
at java.base/java.util.concurrent.ThreadPoolExecutor.runWorker(ThreadPoolExecutor.java:1144)
at java.base/java.util.concurrent.ThreadPoolExecutor$Worker.run(ThreadPoolExecutor.java:642)
at java.base/java.lang.Thread.run(Thread.java:1583)
]]>
            </full-stacktrace>
          </exception> <!-- org.openqa.selenium.TimeoutException -->
          <reporter-output>
          </reporter-output>
        </test-method> <!-- verifyGuestSearchFlow -->
        <test-method signature="verifyGuestAddToCart()[pri:0, instance:com.nagarro.tests.testcases.FlipkartTest@48e1f6c7]" started-at="2026-04-01T23:00:54 IST" name="verifyGuestAddToCart" finished-at="2026-04-01T23:01:05 IST" duration-ms="10857" status="PASS">
          <reporter-output>
          </reporter-output>
        </test-method> <!-- verifyGuestAddToCart -->
        <test-method is-config="true" signature="tearDown()[pri:0, instance:com.nagarro.tests.testcases.FlipkartTest@48e1f6c7]" started-at="2026-04-01T23:01:05 IST" name="tearDown" finished-at="2026-04-01T23:01:06 IST" duration-ms="928" status="PASS">
          <reporter-output>
          </reporter-output>
        </test-method> <!-- tearDown -->
        <test-method is-config="true" signature="setUp()[pri:0, instance:com.nagarro.tests.testcases.FlipkartTest@48e1f6c7]" started-at="2026-04-01T23:01:06 IST" name="setUp" finished-at="2026-04-01T23:01:10 IST" duration-ms="4074" status="PASS">
          <reporter-output>
          </reporter-output>
        </test-method> <!-- setUp -->
        <test-method is-config="true" signature="tearDown()[pri:0, instance:com.nagarro.tests.testcases.FlipkartTest@48e1f6c7]" started-at="2026-04-01T23:01:09 IST" name="tearDown" finished-at="2026-04-01T23:01:09 IST" duration-ms="909" status="PASS">
          <reporter-output>
          </reporter-output>
        </test-method> <!-- tearDown -->
        <test-method is-config="true" signature="setUp()[pri:0, instance:com.nagarro.tests.testcases.FlipkartTest@48e1f6c7]" started-at="2026-04-01T23:01:09 IST" name="setUp" finished-at="2026-04-01T23:01:13 IST" duration-ms="3545" status="PASS">
          <reporter-output>
          </reporter-output>
        </test-method> <!-- setUp -->
        <test-method signature="verifyGuestUserFilter()[pri:0, instance:com.nagarro.tests.testcases.FlipkartTest@48e1f6c7]" started-at="2026-04-01T23:01:10 IST" name="verifyGuestUserFilter" finished-at="2026-04-01T23:01:14 IST" duration-ms="3917" status="PASS">
          <reporter-output>
          </reporter-output>
        </test-method> <!-- verifyGuestUserFilter -->
        <test-method signature="verifyGuestSearchFlow()[pri:0, instance:com.nagarro.tests.testcases.FlipkartTest@48e1f6c7]" started-at="2026-04-01T23:01:13 IST" name="verifyGuestSearchFlow" finished-at="2026-04-01T23:01:17 IST" duration-ms="3545" status="PASS">
          <reporter-output>
          </reporter-output>
        </test-method> <!-- verifyGuestSearchFlow -->
        <test-method is-config="true" signature="tearDown()[pri:0, instance:com.nagarro.tests.testcases.FlipkartTest@48e1f6c7]" started-at="2026-04-01T23:01:14 IST" name="tearDown" finished-at="2026-04-01T23:01:14 IST" duration-ms="648" status="PASS">
          <reporter-output>
          </reporter-output>
        </test-method> <!-- tearDown -->
        <test-method is-config="true" signature="tearDown()[pri:0, instance:com.nagarro.tests.testcases.FlipkartTest@48e1f6c7]" started-at="2026-04-01T23:01:17 IST" name="tearDown" finished-at="2026-04-01T23:01:17 IST" duration-ms="793" status="PASS">
          <reporter-output>
          </reporter-output>
        </test-method> <!-- tearDown -->
      </class> <!-- com.nagarro.tests.testcases.FlipkartTest -->
    </test> <!-- Flipkart Tests -->
  </suite> <!-- Suite -->
</testng-results>
