<?xml version="1.0" encoding="UTF-8"?>
<testng-results ignored="0" total="3" passed="3" failed="0" skipped="0">
  <reporter-output>
  </reporter-output>
  <suite started-at="2026-04-01T21:34:11 IST" name="Suite" finished-at="2026-04-01T21:34:31 IST" duration-ms="20457">
    <groups>
    </groups>
    <test started-at="2026-04-01T21:34:11 IST" name="Flipkart Tests" finished-at="2026-04-01T21:34:31 IST" duration-ms="20457">
      <class name="com.nagarro.tests.testcases.FlipkartTest">
        <test-method is-config="true" signature="setUp()[pri:0, instance:com.nagarro.tests.testcases.FlipkartTest@7fd7a283]" started-at="2026-04-01T21:34:11 IST" name="setUp" finished-at="2026-04-01T21:34:16 IST" duration-ms="4523" status="PASS">
          <reporter-output>
          </reporter-output>
        </test-method> <!-- setUp -->
        <test-method is-config="true" signature="setUp()[pri:0, instance:com.nagarro.tests.testcases.FlipkartTest@7fd7a283]" started-at="2026-04-01T21:34:11 IST" name="setUp" finished-at="2026-04-01T21:34:15 IST" duration-ms="4365" status="PASS">
          <reporter-output>
          </reporter-output>
        </test-method> <!-- setUp -->
        <test-method signature="verifyGuestAddToCart()[pri:0, instance:com.nagarro.tests.testcases.FlipkartTest@7fd7a283]" started-at="2026-04-01T21:34:15 IST" name="verifyGuestAddToCart" finished-at="2026-04-01T21:34:25 IST" duration-ms="9939" status="PASS">
          <reporter-output>
          </reporter-output>
        </test-method> <!-- verifyGuestAddToCart -->
        <test-method signature="verifyGuestSearchFlow()[pri:0, instance:com.nagarro.tests.testcases.FlipkartTest@7fd7a283]" started-at="2026-04-01T21:34:16 IST" name="verifyGuestSearchFlow" finished-at="2026-04-01T21:34:24 IST" duration-ms="8409" status="PASS">
          <reporter-output>
          </reporter-output>
        </test-method> <!-- verifyGuestSearchFlow -->
        <test-method is-config="true" signature="tearDown()[pri:0, instance:com.nagarro.tests.testcases.FlipkartTest@7fd7a283]" started-at="2026-04-01T21:34:24 IST" name="tearDown" finished-at="2026-04-01T21:34:25 IST" duration-ms="809" status="PASS">
          <reporter-output>
          </reporter-output>
        </test-method> <!-- tearDown -->
        <test-method is-config="true" signature="setUp()[pri:0, instance:com.nagarro.tests.testcases.FlipkartTest@7fd7a283]" started-at="2026-04-01T21:34:25 IST" name="setUp" finished-at="2026-04-01T21:34:28 IST" duration-ms="3533" status="PASS">
          <reporter-output>
          </reporter-output>
        </test-method> <!-- setUp -->
        <test-method is-config="true" signature="tearDown()[pri:0, instance:com.nagarro.tests.testcases.FlipkartTest@7fd7a283]" started-at="2026-04-01T21:34:25 IST" name="tearDown" finished-at="2026-04-01T21:34:27 IST" duration-ms="1287" status="PASS">
          <reporter-output>
          </reporter-output>
        </test-method> <!-- tearDown -->
        <test-method signature="verifyGuestUserFilter()[pri:0, instance:com.nagarro.tests.testcases.FlipkartTest@7fd7a283]" started-at="2026-04-01T21:34:28 IST" name="verifyGuestUserFilter" finished-at="2026-04-01T21:34:31 IST" duration-ms="2390" status="PASS">
          <reporter-output>
          </reporter-output>
        </test-method> <!-- verifyGuestUserFilter -->
        <test-method is-config="true" signature="tearDown()[pri:0, instance:com.nagarro.tests.testcases.FlipkartTest@7fd7a283]" started-at="2026-04-01T21:34:31 IST" name="tearDown" finished-at="2026-04-01T21:34:31 IST" duration-ms="759" status="PASS">
          <reporter-output>
          </reporter-output>
        </test-method> <!-- tearDown -->
      </class> <!-- com.nagarro.tests.testcases.FlipkartTest -->
    </test> <!-- Flipkart Tests -->
  </suite> <!-- Suite -->
</testng-results>
