<?xml version="1.0" encoding="UTF-8"?>
<!-- Generated by org.testng.reporters.JUnitReportReporter -->
<testsuite hostname="IN-5CD521BFPW" failures="0" tests="4" name="com.nagarro.tests.testcases.FlipkartTest" time="53.275" errors="0" timestamp="2026-04-01T23:01:18 IST" skipped="1">
  <testcase classname="com.nagarro.tests.testcases.FlipkartTest" name="verifyGuestUserFilter" time="9.422"/>
  <testcase classname="com.nagarro.tests.testcases.FlipkartTest" name="verifyGuestAddToCart" time="16.326"/>
  <testcase classname="com.nagarro.tests.testcases.FlipkartTest" name="verifyGuestSearchFlow" time="8.547"/>
  <testcase classname="com.nagarro.tests.testcases.FlipkartTest" name="verifyGuestSearchFlow" time="18.980">
    <skipped/>
  </testcase> <!-- verifyGuestSearchFlow -->
</testsuite> <!-- com.nagarro.tests.testcases.FlipkartTest -->
